#
# There is insufficient memory for the Java Runtime Environment to continue.
# Native memory allocation (malloc) failed to allocate 1777264 bytes. Error detail: Chunk::new
# Possible reasons:
#   The system is out of physical RAM or swap space
#   This process is running with CompressedOops enabled, and the Java Heap may be blocking the growth of the native heap
# Possible solutions:
#   Reduce memory load on the system
#   Increase physical memory or swap space
#   Check if swap backing store is full
#   Decrease Java heap size (-Xmx/-Xms)
#   Decrease number of Java threads
#   Decrease Java thread stack sizes (-Xss)
#   Set larger code cache with -XX:ReservedCodeCacheSize=
#   JVM is running with Unscaled Compressed Oops mode in which the Java heap is
#     placed in the first 4GB address space. The Java Heap base address is the
#     maximum limit for the native heap growth. Please use -XX:HeapBaseMinAddress
#     to set the Java Heap base and to place the Java Heap above 4GB virtual address.
# This output file may be truncated or incomplete.
#
#  Out of Memory Error (arena.cpp:149), pid=21176, tid=23016
#
# JRE version: Java(TM) SE Runtime Environment (23.0.1+11) (build 23.0.1+11-39)
# Java VM: Java HotSpot(TM) 64-Bit Server VM (23.0.1+11-39, mixed mode, sharing, tiered, compressed oops, compressed class ptrs, g1 gc, windows-amd64)
# No core dump will be written. Minidumps are not enabled by default on client versions of Windows
#

---------------  S U M M A R Y ------------

Command Line: --enable-native-access=ALL-UNNAMED -Dclassworlds.conf=C:\Program Files\apache-maven-3.9.11\bin\m2.conf -Dmaven.home=C:\Program Files\apache-maven-3.9.11 -Dlibrary.jansi.path=C:\Program Files\apache-maven-3.9.11\lib\jansi-native -Dmaven.multiModuleProjectDirectory=C:\Users\ACER\Desktop\task-manager\backend\taskmanager org.codehaus.plexus.classworlds.launcher.Launcher -q compile -DskipTests

Host: AMD Ryzen 7 3750H with Radeon Vega Mobile Gfx  , 8 cores, 5G,  Windows 11 , 64 bit Build 26100 (10.0.26100.1882)
Time: Tue May 19 11:59:44 2026 SE Asia Standard Time elapsed time: 36.628565 seconds (0d 0h 0m 36s)

---------------  T H R E A D  ---------------

Current thread (0x00000212ba458250):  JavaThread "C2 CompilerThread0" daemon [_thread_in_native, id=23016, stack(0x000000a3b2600000,0x000000a3b2700000) (1024K)]


Current CompileTask:
C2:36629 6449   !   4       java.nio.file.FileTreeWalker::visit (204 bytes)

Stack: [0x000000a3b2600000,0x000000a3b2700000]
Native frames: (J=compiled Java code, j=interpreted, Vv=VM code, C=native code)
V  [jvm.dll+0x6e08b9]  (no source info available)
V  [jvm.dll+0x87dc83]  (no source info available)
V  [jvm.dll+0x88010e]  (no source info available)
V  [jvm.dll+0x8807e3]  (no source info available)
V  [jvm.dll+0x27aee6]  (no source info available)
V  [jvm.dll+0xbc06f]  (no source info available)
V  [jvm.dll+0xbc2cb]  (no source info available)
V  [jvm.dll+0x3b3a9c]  (no source info available)
V  [jvm.dll+0x38a42b]  (no source info available)
V  [jvm.dll+0x38989a]  (no source info available)
V  [jvm.dll+0x244aa1]  (no source info available)
V  [jvm.dll+0x243dff]  (no source info available)
V  [jvm.dll+0x1c33a0]  (no source info available)
V  [jvm.dll+0x253cf1]  (no source info available)
V  [jvm.dll+0x251faa]  (no source info available)
V  [jvm.dll+0x3ee036]  (no source info available)
V  [jvm.dll+0x824f8b]  (no source info available)
V  [jvm.dll+0x6df065]  (no source info available)
C  [ucrtbase.dll+0x14ea0]  (no source info available)
C  [KERNEL32.DLL+0x2dbe7]  (no source info available)
C  [ntdll.dll+0x85a4c]  (no source info available)

Lock stack of current Java thread (top to bottom):


---------------  P R O C E S S  ---------------

Threads class SMR info:
_java_thread_list=0x0000021280059b70, length=11, elements={
0x000002129e1ff940, 0x00000212ba44f340, 0x00000212ba451f60, 0x00000212ba455190,
0x00000212ba455bf0, 0x00000212ba456a60, 0x00000212ba4574c0, 0x00000212ba458250,
0x00000212ba45b240, 0x00000212ba5b8830, 0x00000212ba5c3af0
}

Java Threads: ( => current thread )
  0x000002129e1ff940 JavaThread "main"                              [_thread_in_native, id=7180, stack(0x000000a3b1800000,0x000000a3b1900000) (1024K)]
  0x00000212ba44f340 JavaThread "Reference Handler"          daemon [_thread_blocked, id=18908, stack(0x000000a3b2000000,0x000000a3b2100000) (1024K)]
  0x00000212ba451f60 JavaThread "Finalizer"                  daemon [_thread_blocked, id=16472, stack(0x000000a3b2100000,0x000000a3b2200000) (1024K)]
  0x00000212ba455190 JavaThread "Signal Dispatcher"          daemon [_thread_blocked, id=8552, stack(0x000000a3b2200000,0x000000a3b2300000) (1024K)]
  0x00000212ba455bf0 JavaThread "Attach Listener"            daemon [_thread_blocked, id=13444, stack(0x000000a3b2300000,0x000000a3b2400000) (1024K)]
  0x00000212ba456a60 JavaThread "Service Thread"             daemon [_thread_blocked, id=27100, stack(0x000000a3b2400000,0x000000a3b2500000) (1024K)]
  0x00000212ba4574c0 JavaThread "Monitor Deflation Thread"   daemon [_thread_blocked, id=2868, stack(0x000000a3b2500000,0x000000a3b2600000) (1024K)]
=>0x00000212ba458250 JavaThread "C2 CompilerThread0"         daemon [_thread_in_native, id=23016, stack(0x000000a3b2600000,0x000000a3b2700000) (1024K)]
  0x00000212ba45b240 JavaThread "C1 CompilerThread0"         daemon [_thread_blocked, id=24792, stack(0x000000a3b2700000,0x000000a3b2800000) (1024K)]
  0x00000212ba5b8830 JavaThread "Notification Thread"        daemon [_thread_blocked, id=20760, stack(0x000000a3b2800000,0x000000a3b2900000) (1024K)]
  0x00000212ba5c3af0 JavaThread "Common-Cleaner"             daemon [_thread_blocked, id=27348, stack(0x000000a3b2900000,0x000000a3b2a00000) (1024K)]
Total: 11

Other Threads:
  0x00000212ba438fe0 VMThread "VM Thread"                           [id=20844, stack(0x000000a3b1f00000,0x000000a3b2000000) (1024K)]
  0x00000212ba424340 WatcherThread "VM Periodic Task Thread"        [id=22304, stack(0x000000a3b1e00000,0x000000a3b1f00000) (1024K)]
  0x000002129e248700 WorkerThread "GC Thread#0"                     [id=27032, stack(0x000000a3b1900000,0x000000a3b1a00000) (1024K)]
  0x0000021280828470 WorkerThread "GC Thread#1"                     [id=23032, stack(0x000000a3b2a00000,0x000000a3b2b00000) (1024K)]
  0x00000212807eea50 WorkerThread "GC Thread#2"                     [id=7728, stack(0x000000a3b2b00000,0x000000a3b2c00000) (1024K)]
  0x000002128084a200 WorkerThread "GC Thread#3"                     [id=25868, stack(0x000000a3b2c00000,0x000000a3b2d00000) (1024K)]
  0x000002128084a5b0 WorkerThread "GC Thread#4"                     [id=13940, stack(0x000000a3b2d00000,0x000000a3b2e00000) (1024K)]
  0x000002128084a960 WorkerThread "GC Thread#5"                     [id=26800, stack(0x000000a3b2e00000,0x000000a3b2f00000) (1024K)]
  0x000002128084ad10 WorkerThread "GC Thread#6"                     [id=15664, stack(0x000000a3b2f00000,0x000000a3b3000000) (1024K)]
  0x000002128084f0d0 WorkerThread "GC Thread#7"                     [id=19668, stack(0x000000a3b3000000,0x000000a3b3100000) (1024K)]
  0x000002129e258520 ConcurrentGCThread "G1 Main Marker"            [id=14828, stack(0x000000a3b1a00000,0x000000a3b1b00000) (1024K)]
  0x000002129e259030 WorkerThread "G1 Conc#0"                       [id=23752, stack(0x000000a3b1b00000,0x000000a3b1c00000) (1024K)]
  0x00000212ba730d60 WorkerThread "G1 Conc#1"                       [id=12012, stack(0x000000a3b1500000,0x000000a3b1600000) (1024K)]
  0x00000212ba2f10b0 ConcurrentGCThread "G1 Refine#0"               [id=16752, stack(0x000000a3b1c00000,0x000000a3b1d00000) (1024K)]
  0x00000212ba2f1c30 ConcurrentGCThread "G1 Service"                [id=332, stack(0x000000a3b1d00000,0x000000a3b1e00000) (1024K)]
Total: 15

Threads with active compile tasks:
C2 CompilerThread0  36814 6449   !   4       java.nio.file.FileTreeWalker::visit (204 bytes)
Total: 1

VM state: not at safepoint (normal execution)

VM Mutex/Monitor currently owned by a thread: None

Heap address: 0x00000000a0e00000, size: 1522 MB, Compressed Oops mode: 32-bit

CDS archive(s) mapped at: [0x00000212bb000000-0x00000212bbd70000-0x00000212bbd70000), size 14090240, SharedBaseAddress: 0x00000212bb000000, ArchiveRelocationMode: 1.
Compressed class space mapped at: 0x00000212bc000000-0x00000212fc000000, reserved size: 1073741824
Narrow klass base: 0x00000212bb000000, Narrow klass shift: 0, Narrow klass range: 0x41000000

GC Precious Log:
 CardTable entry size: 512
 Card Set container configuration: InlinePtr #cards 5 size 8 Array Of Cards #cards 10 size 36 Howl #buckets 4 coarsen threshold 1843 Howl Bitmap #cards 512 size 80 coarsen threshold 460 Card regions per heap region 1 cards per card region 2048
 CPUs: 8 total, 8 available
 Memory: 6082M
 Large Page Support: Disabled
 NUMA Support: Disabled
 Compressed Oops: Enabled (32-bit)
 Heap Region Size: 1M
 Heap Min Capacity: 8M
 Heap Initial Capacity: 96M
 Heap Max Capacity: 1522M
 Pre-touch: Disabled
 Parallel Workers: 8
 Concurrent Workers: 2
 Concurrent Refinement Workers: 8
 Periodic GC: Disabled

Heap:
 garbage-first heap   total reserved 1558528K, committed 92160K, used 70374K [0x00000000a0e00000, 0x0000000100000000)
  region size 1024K, 50 young (51200K), 7 survivors (7168K)
 Metaspace       used 26342K, committed 26688K, reserved 1114112K
  class space    used 3087K, committed 3264K, reserved 1048576K

Heap Regions: E=young(eden), S=young(survivor), O=old, HS=humongous(starts), HC=humongous(continues), CS=collection set, F=free, TAMS=top-at-mark-start, PB=parsable bottom
|   0|0x00000000a0e00000, 0x00000000a0f00000, 0x00000000a0f00000|100%| O|  |TAMS 0x00000000a0e00000| PB 0x00000000a0e00000| Untracked |  0
|   1|0x00000000a0f00000, 0x00000000a1000000, 0x00000000a1000000|100%| O|  |TAMS 0x00000000a0f00000| PB 0x00000000a0f00000| Untracked |  0
|   2|0x00000000a1000000, 0x00000000a1100000, 0x00000000a1100000|100%| O|  |TAMS 0x00000000a1000000| PB 0x00000000a1000000| Untracked |  0
|   3|0x00000000a1100000, 0x00000000a1200000, 0x00000000a1200000|100%| O|  |TAMS 0x00000000a1100000| PB 0x00000000a1100000| Untracked |  0
|   4|0x00000000a1200000, 0x00000000a1300000, 0x00000000a1300000|100%| O|  |TAMS 0x00000000a1200000| PB 0x00000000a1200000| Untracked |  0
|   5|0x00000000a1300000, 0x00000000a1400000, 0x00000000a1400000|100%| O|  |TAMS 0x00000000a1300000| PB 0x00000000a1300000| Untracked |  0
|   6|0x00000000a1400000, 0x00000000a1500000, 0x00000000a1500000|100%| O|  |TAMS 0x00000000a1400000| PB 0x00000000a1400000| Untracked |  0
|   7|0x00000000a1500000, 0x00000000a1600000, 0x00000000a1600000|100%| O|  |TAMS 0x00000000a1500000| PB 0x00000000a1500000| Untracked |  0
|   8|0x00000000a1600000, 0x00000000a1700000, 0x00000000a1700000|100%| O|  |TAMS 0x00000000a1600000| PB 0x00000000a1600000| Untracked |  0
|   9|0x00000000a1700000, 0x00000000a1800000, 0x00000000a1800000|100%| O|  |TAMS 0x00000000a1700000| PB 0x00000000a1700000| Untracked |  0
|  10|0x00000000a1800000, 0x00000000a1900000, 0x00000000a1900000|100%| O|Cm|TAMS 0x00000000a1800000| PB 0x00000000a1800000| Complete |  0
|  11|0x00000000a1900000, 0x00000000a1a00000, 0x00000000a1a00000|100%|HS|  |TAMS 0x00000000a1900000| PB 0x00000000a1900000| Complete |  0
|  12|0x00000000a1a00000, 0x00000000a1b00000, 0x00000000a1b00000|100%|HS|  |TAMS 0x00000000a1a00000| PB 0x00000000a1a00000| Complete |  0
|  13|0x00000000a1b00000, 0x00000000a1c00000, 0x00000000a1c00000|100%|HC|  |TAMS 0x00000000a1b00000| PB 0x00000000a1b00000| Complete |  0
|  14|0x00000000a1c00000, 0x00000000a1d00000, 0x00000000a1d00000|100%|HS|  |TAMS 0x00000000a1c00000| PB 0x00000000a1c00000| Complete |  0
|  15|0x00000000a1d00000, 0x00000000a1e00000, 0x00000000a1e00000|100%|HC|  |TAMS 0x00000000a1d00000| PB 0x00000000a1d00000| Complete |  0
|  16|0x00000000a1e00000, 0x00000000a1f00000, 0x00000000a1f00000|100%| O|  |TAMS 0x00000000a1e00000| PB 0x00000000a1e00000| Untracked |  0
|  17|0x00000000a1f00000, 0x00000000a1f398b0, 0x00000000a2000000| 22%| O|  |TAMS 0x00000000a1f00000| PB 0x00000000a1f00000| Untracked |  0
|  18|0x00000000a2000000, 0x00000000a2000000, 0x00000000a2100000|  0%| F|  |TAMS 0x00000000a2000000| PB 0x00000000a2000000| Untracked |  0
|  19|0x00000000a2100000, 0x00000000a2100000, 0x00000000a2200000|  0%| F|  |TAMS 0x00000000a2100000| PB 0x00000000a2100000| Untracked |  0
|  20|0x00000000a2200000, 0x00000000a2200000, 0x00000000a2300000|  0%| F|  |TAMS 0x00000000a2200000| PB 0x00000000a2200000| Untracked |  0
|  21|0x00000000a2300000, 0x00000000a2300000, 0x00000000a2400000|  0%| F|  |TAMS 0x00000000a2300000| PB 0x00000000a2300000| Untracked |  0
|  22|0x00000000a2400000, 0x00000000a2400000, 0x00000000a2500000|  0%| F|  |TAMS 0x00000000a2400000| PB 0x00000000a2400000| Untracked |  0
|  23|0x00000000a2500000, 0x00000000a2500000, 0x00000000a2600000|  0%| F|  |TAMS 0x00000000a2500000| PB 0x00000000a2500000| Untracked |  0
|  24|0x00000000a2600000, 0x00000000a2600000, 0x00000000a2700000|  0%| F|  |TAMS 0x00000000a2600000| PB 0x00000000a2600000| Untracked |  0
|  25|0x00000000a2700000, 0x00000000a2700000, 0x00000000a2800000|  0%| F|  |TAMS 0x00000000a2700000| PB 0x00000000a2700000| Untracked |  0
|  26|0x00000000a2800000, 0x00000000a2800000, 0x00000000a2900000|  0%| F|  |TAMS 0x00000000a2800000| PB 0x00000000a2800000| Untracked |  0
|  27|0x00000000a2900000, 0x00000000a2900000, 0x00000000a2a00000|  0%| F|  |TAMS 0x00000000a2900000| PB 0x00000000a2900000| Untracked |  0
|  28|0x00000000a2a00000, 0x00000000a2a00000, 0x00000000a2b00000|  0%| F|  |TAMS 0x00000000a2a00000| PB 0x00000000a2a00000| Untracked |  0
|  29|0x00000000a2b00000, 0x00000000a2b00000, 0x00000000a2c00000|  0%| F|  |TAMS 0x00000000a2b00000| PB 0x00000000a2b00000| Untracked |  0
|  30|0x00000000a2c00000, 0x00000000a2c00000, 0x00000000a2d00000|  0%| F|  |TAMS 0x00000000a2c00000| PB 0x00000000a2c00000| Untracked |  0
|  31|0x00000000a2d00000, 0x00000000a2e00000, 0x00000000a2e00000|100%| O|  |TAMS 0x00000000a2d00000| PB 0x00000000a2d00000| Untracked |  0
|  32|0x00000000a2e00000, 0x00000000a2f00000, 0x00000000a2f00000|100%| O|  |TAMS 0x00000000a2e00000| PB 0x00000000a2e00000| Untracked |  0
|  33|0x00000000a2f00000, 0x00000000a3000000, 0x00000000a3000000|100%| O|  |TAMS 0x00000000a2f00000| PB 0x00000000a2f00000| Untracked |  0
|  34|0x00000000a3000000, 0x00000000a3000000, 0x00000000a3100000|  0%| F|  |TAMS 0x00000000a3000000| PB 0x00000000a3000000| Untracked |  0
|  35|0x00000000a3100000, 0x00000000a3100000, 0x00000000a3200000|  0%| F|  |TAMS 0x00000000a3100000| PB 0x00000000a3100000| Untracked |  0
|  36|0x00000000a3200000, 0x00000000a3200000, 0x00000000a3300000|  0%| F|  |TAMS 0x00000000a3200000| PB 0x00000000a3200000| Untracked |  0
|  37|0x00000000a3300000, 0x00000000a3300000, 0x00000000a3400000|  0%| F|  |TAMS 0x00000000a3300000| PB 0x00000000a3300000| Untracked |  0
|  38|0x00000000a3400000, 0x00000000a3400000, 0x00000000a3500000|  0%| F|  |TAMS 0x00000000a3400000| PB 0x00000000a3400000| Untracked |  0
|  39|0x00000000a3500000, 0x00000000a3500000, 0x00000000a3600000|  0%| F|  |TAMS 0x00000000a3500000| PB 0x00000000a3500000| Untracked |  0
|  40|0x00000000a3600000, 0x00000000a3700000, 0x00000000a3700000|100%| E|  |TAMS 0x00000000a3600000| PB 0x00000000a3600000| Complete |  0
|  41|0x00000000a3700000, 0x00000000a3800000, 0x00000000a3800000|100%| E|CS|TAMS 0x00000000a3700000| PB 0x00000000a3700000| Complete |  0
|  42|0x00000000a3800000, 0x00000000a3900000, 0x00000000a3900000|100%| E|CS|TAMS 0x00000000a3800000| PB 0x00000000a3800000| Complete |  0
|  43|0x00000000a3900000, 0x00000000a3a00000, 0x00000000a3a00000|100%| E|CS|TAMS 0x00000000a3900000| PB 0x00000000a3900000| Complete |  0
|  44|0x00000000a3a00000, 0x00000000a3b00000, 0x00000000a3b00000|100%| E|CS|TAMS 0x00000000a3a00000| PB 0x00000000a3a00000| Complete |  0
|  45|0x00000000a3b00000, 0x00000000a3c00000, 0x00000000a3c00000|100%| E|CS|TAMS 0x00000000a3b00000| PB 0x00000000a3b00000| Complete |  0
|  46|0x00000000a3c00000, 0x00000000a3d00000, 0x00000000a3d00000|100%| E|CS|TAMS 0x00000000a3c00000| PB 0x00000000a3c00000| Complete |  0
|  47|0x00000000a3d00000, 0x00000000a3e00000, 0x00000000a3e00000|100%| E|CS|TAMS 0x00000000a3d00000| PB 0x00000000a3d00000| Complete |  0
|  48|0x00000000a3e00000, 0x00000000a3f00000, 0x00000000a3f00000|100%| E|CS|TAMS 0x00000000a3e00000| PB 0x00000000a3e00000| Complete |  0
|  49|0x00000000a3f00000, 0x00000000a4000000, 0x00000000a4000000|100%| E|CS|TAMS 0x00000000a3f00000| PB 0x00000000a3f00000| Complete |  0
|  50|0x00000000a4000000, 0x00000000a4100000, 0x00000000a4100000|100%| E|CS|TAMS 0x00000000a4000000| PB 0x00000000a4000000| Complete |  0
|  51|0x00000000a4100000, 0x00000000a4200000, 0x00000000a4200000|100%| E|CS|TAMS 0x00000000a4100000| PB 0x00000000a4100000| Complete |  0
|  52|0x00000000a4200000, 0x00000000a4300000, 0x00000000a4300000|100%| E|CS|TAMS 0x00000000a4200000| PB 0x00000000a4200000| Complete |  0
|  53|0x00000000a4300000, 0x00000000a4400000, 0x00000000a4400000|100%| E|CS|TAMS 0x00000000a4300000| PB 0x00000000a4300000| Complete |  0
|  54|0x00000000a4400000, 0x00000000a4500000, 0x00000000a4500000|100%| E|CS|TAMS 0x00000000a4400000| PB 0x00000000a4400000| Complete |  0
|  55|0x00000000a4500000, 0x00000000a4600000, 0x00000000a4600000|100%| E|CS|TAMS 0x00000000a4500000| PB 0x00000000a4500000| Complete |  0
|  56|0x00000000a4600000, 0x00000000a4700000, 0x00000000a4700000|100%| E|CS|TAMS 0x00000000a4600000| PB 0x00000000a4600000| Complete |  0
|  57|0x00000000a4700000, 0x00000000a4800000, 0x00000000a4800000|100%| E|CS|TAMS 0x00000000a4700000| PB 0x00000000a4700000| Complete |  0
|  58|0x00000000a4800000, 0x00000000a4900000, 0x00000000a4900000|100%| E|CS|TAMS 0x00000000a4800000| PB 0x00000000a4800000| Complete |  0
|  59|0x00000000a4900000, 0x00000000a4a00000, 0x00000000a4a00000|100%| E|CS|TAMS 0x00000000a4900000| PB 0x00000000a4900000| Complete |  0
|  60|0x00000000a4a00000, 0x00000000a4b00000, 0x00000000a4b00000|100%| E|CS|TAMS 0x00000000a4a00000| PB 0x00000000a4a00000| Complete |  0
|  61|0x00000000a4b00000, 0x00000000a4c00000, 0x00000000a4c00000|100%| E|CS|TAMS 0x00000000a4b00000| PB 0x00000000a4b00000| Complete |  0
|  62|0x00000000a4c00000, 0x00000000a4d00000, 0x00000000a4d00000|100%| E|CS|TAMS 0x00000000a4c00000| PB 0x00000000a4c00000| Complete |  0
|  63|0x00000000a4d00000, 0x00000000a4e00000, 0x00000000a4e00000|100%| E|CS|TAMS 0x00000000a4d00000| PB 0x00000000a4d00000| Complete |  0
|  64|0x00000000a4e00000, 0x00000000a4f00000, 0x00000000a4f00000|100%| E|CS|TAMS 0x00000000a4e00000| PB 0x00000000a4e00000| Complete |  0
|  65|0x00000000a4f00000, 0x00000000a5000000, 0x00000000a5000000|100%| E|CS|TAMS 0x00000000a4f00000| PB 0x00000000a4f00000| Complete |  0
|  66|0x00000000a5000000, 0x00000000a5100000, 0x00000000a5100000|100%| E|CS|TAMS 0x00000000a5000000| PB 0x00000000a5000000| Complete |  0
|  67|0x00000000a5100000, 0x00000000a5200000, 0x00000000a5200000|100%| E|CS|TAMS 0x00000000a5100000| PB 0x00000000a5100000| Complete |  0
|  68|0x00000000a5200000, 0x00000000a5300000, 0x00000000a5300000|100%| E|CS|TAMS 0x00000000a5200000| PB 0x00000000a5200000| Complete |  0
|  69|0x00000000a5300000, 0x00000000a5400000, 0x00000000a5400000|100%| E|CS|TAMS 0x00000000a5300000| PB 0x00000000a5300000| Complete |  0
|  70|0x00000000a5400000, 0x00000000a5500000, 0x00000000a5500000|100%| E|CS|TAMS 0x00000000a5400000| PB 0x00000000a5400000| Complete |  0
|  71|0x00000000a5500000, 0x00000000a5600000, 0x00000000a5600000|100%| E|CS|TAMS 0x00000000a5500000| PB 0x00000000a5500000| Complete |  0
|  72|0x00000000a5600000, 0x00000000a5680000, 0x00000000a5700000| 50%| S|CS|TAMS 0x00000000a5600000| PB 0x00000000a5600000| Complete |  0
|  73|0x00000000a5700000, 0x00000000a5800000, 0x00000000a5800000|100%| S|CS|TAMS 0x00000000a5700000| PB 0x00000000a5700000| Complete |  0
|  74|0x00000000a5800000, 0x00000000a5900000, 0x00000000a5900000|100%| S|CS|TAMS 0x00000000a5800000| PB 0x00000000a5800000| Complete |  0
|  75|0x00000000a5900000, 0x00000000a5a00000, 0x00000000a5a00000|100%| S|CS|TAMS 0x00000000a5900000| PB 0x00000000a5900000| Complete |  0
|  76|0x00000000a5a00000, 0x00000000a5b00000, 0x00000000a5b00000|100%| S|CS|TAMS 0x00000000a5a00000| PB 0x00000000a5a00000| Complete |  0
|  77|0x00000000a5b00000, 0x00000000a5c00000, 0x00000000a5c00000|100%| S|CS|TAMS 0x00000000a5b00000| PB 0x00000000a5b00000| Complete |  0
|  78|0x00000000a5c00000, 0x00000000a5d00000, 0x00000000a5d00000|100%| S|CS|TAMS 0x00000000a5c00000| PB 0x00000000a5c00000| Complete |  0
|  79|0x00000000a5d00000, 0x00000000a5e00000, 0x00000000a5e00000|100%| E|CS|TAMS 0x00000000a5d00000| PB 0x00000000a5d00000| Complete |  0
|  80|0x00000000a5e00000, 0x00000000a5f00000, 0x00000000a5f00000|100%| E|CS|TAMS 0x00000000a5e00000| PB 0x00000000a5e00000| Complete |  0
|  81|0x00000000a5f00000, 0x00000000a6000000, 0x00000000a6000000|100%| E|CS|TAMS 0x00000000a5f00000| PB 0x00000000a5f00000| Complete |  0
|  82|0x00000000a6000000, 0x00000000a6100000, 0x00000000a6100000|100%| E|CS|TAMS 0x00000000a6000000| PB 0x00000000a6000000| Complete |  0
|  83|0x00000000a6100000, 0x00000000a6200000, 0x00000000a6200000|100%| E|CS|TAMS 0x00000000a6100000| PB 0x00000000a6100000| Complete |  0
|  84|0x00000000a6200000, 0x00000000a6300000, 0x00000000a6300000|100%| E|CS|TAMS 0x00000000a6200000| PB 0x00000000a6200000| Complete |  0
|  85|0x00000000a6300000, 0x00000000a6400000, 0x00000000a6400000|100%| E|CS|TAMS 0x00000000a6300000| PB 0x00000000a6300000| Complete |  0
|  86|0x00000000a6400000, 0x00000000a6500000, 0x00000000a6500000|100%| E|CS|TAMS 0x00000000a6400000| PB 0x00000000a6400000| Complete |  0
|  87|0x00000000a6500000, 0x00000000a6600000, 0x00000000a6600000|100%| E|CS|TAMS 0x00000000a6500000| PB 0x00000000a6500000| Complete |  0
|  88|0x00000000a6600000, 0x00000000a6700000, 0x00000000a6700000|100%| E|CS|TAMS 0x00000000a6600000| PB 0x00000000a6600000| Complete |  0
|  95|0x00000000a6d00000, 0x00000000a6e00000, 0x00000000a6e00000|100%| E|CS|TAMS 0x00000000a6d00000| PB 0x00000000a6d00000| Complete |  0

Card table byte_map: [0x00000212b5f60000,0x00000212b6260000] _byte_map_base: 0x00000212b5a59000

Marking Bits: (CMBitMap*) 0x000002129e248e10
 Bits: [0x00000212b6260000, 0x00000212b7a28000)

Polling page: 0x000002129d9c0000

Metaspace:

Usage:
  Non-class:     22.71 MB used.
      Class:      3.02 MB used.
       Both:     25.73 MB used.

Virtual space:
  Non-class space:       64.00 MB reserved,      22.88 MB ( 36%) committed,  1 nodes.
      Class space:        1.00 GB reserved,       3.19 MB ( <1%) committed,  1 nodes.
             Both:        1.06 GB reserved,      26.06 MB (  2%) committed. 

Chunk freelists:
   Non-Class:  9.08 MB
       Class:  12.70 MB
        Both:  21.78 MB

MaxMetaspaceSize: unlimited
CompressedClassSpaceSize: 1.00 GB
Initial GC threshold: 21.00 MB
Current GC threshold: 35.62 MB
CDS: on
 - commit_granule_bytes: 65536.
 - commit_granule_words: 8192.
 - virtual_space_node_default_size: 8388608.
 - enlarge_chunks_in_place: 1.
 - use_allocation_guard: 0.


Internal statistics:

num_allocs_failed_limit: 6.
num_arena_births: 258.
num_arena_deaths: 0.
num_vsnodes_births: 2.
num_vsnodes_deaths: 0.
num_space_committed: 417.
num_space_uncommitted: 0.
num_chunks_returned_to_freelist: 6.
num_chunks_taken_from_freelist: 1155.
num_chunk_merges: 6.
num_chunk_splits: 841.
num_chunks_enlarged: 667.
num_inconsistent_stats: 0.

CodeHeap 'non-profiled nmethods': size=120064Kb used=2683Kb max_used=2683Kb free=117380Kb
 bounds [0x00000212ae3f0000, 0x00000212ae690000, 0x00000212b5930000]
CodeHeap 'profiled nmethods': size=120000Kb used=11232Kb max_used=11232Kb free=108767Kb
 bounds [0x00000212a6930000, 0x00000212a7430000, 0x00000212ade60000]
CodeHeap 'non-nmethods': size=5696Kb used=1452Kb max_used=1493Kb free=4243Kb
 bounds [0x00000212ade60000, 0x00000212ae0d0000, 0x00000212ae3f0000]
CodeCache: size=245760Kb, used=15367Kb, max_used=15408Kb, free=230390Kb
 total_blobs=7010, nmethods=6463, adapters=452, full_count=0
Compilation: enabled, stopped_count=0, restarted_count=0

Compilation events (20 events):
Event: 35.235 Thread 0x00000212ba458250 6469       4       java.nio.file.Files::provider (10 bytes)
Event: 35.236 Thread 0x00000212ba458250 nmethod 6469 0x00000212ae68d888 code [0x00000212ae68d9a0, 0x00000212ae68da80]
Event: 35.236 Thread 0x00000212ba458250 6447       4       jdk.nio.zipfs.ZipFileSystemProvider::readAttributes (9 bytes)
Event: 35.237 Thread 0x00000212ba45b240 nmethod 6470 0x00000212a7423908 code [0x00000212a7423d60, 0x00000212a7426268]
Event: 35.248 Thread 0x00000212ba458250 nmethod 6447 0x00000212ae68db88 code [0x00000212ae68dcc0, 0x00000212ae68e218]
Event: 35.248 Thread 0x00000212ba458250 6448       4       jdk.nio.zipfs.ZipPath::readAttributes (58 bytes)
Event: 35.260 Thread 0x00000212ba458250 nmethod 6448 0x00000212ae68e288 code [0x00000212ae68e3c0, 0x00000212ae68e8b0]
Event: 35.260 Thread 0x00000212ba458250 6449   !   4       java.nio.file.FileTreeWalker::visit (204 bytes)
Event: 35.329 Thread 0x00000212ba45b240 6472       3       java.util.jar.Attributes::<init> (7 bytes)
Event: 35.329 Thread 0x00000212ba45b240 nmethod 6472 0x00000212a7426388 code [0x00000212a74264c0, 0x00000212a7426718]
Event: 35.330 Thread 0x00000212ba45b240 6473       3       jdk.nio.zipfs.ZipFileSystem::isTrue (38 bytes)
Event: 35.331 Thread 0x00000212ba45b240 nmethod 6473 0x00000212a7426788 code [0x00000212a7426900, 0x00000212a7426ef8]
Event: 35.389 Thread 0x00000212ba45b240 6476       1       java.nio.file.FileTreeWalker$DirectoryNode::stream (5 bytes)
Event: 35.389 Thread 0x00000212ba45b240 nmethod 6476 0x00000212ae68ec88 code [0x00000212ae68eda0, 0x00000212ae68ee68]
Event: 35.404 Thread 0x00000212ba45b240 6477       3       jdk.nio.zipfs.ZipFileSystem$EntryInputStream::close (20 bytes)
Event: 35.404 Thread 0x00000212ba45b240 nmethod 6477 0x00000212a7426f88 code [0x00000212a74270c0, 0x00000212a74272b0]
Event: 35.538 Thread 0x00000212ba45b240 6481       3       java.util.jar.Manifest::<init> (38 bytes)
Event: 35.539 Thread 0x00000212ba45b240 nmethod 6481 0x00000212a7427308 code [0x00000212a7427480, 0x00000212a7427b08]
Event: 35.571 Thread 0x00000212ba45b240 6482       3       jdk.nio.zipfs.ZipFileSystem::readNBytesAt (74 bytes)
Event: 35.571 Thread 0x00000212ba45b240 nmethod 6482 0x00000212a7427b88 code [0x00000212a7427d00, 0x00000212a74281d8]

GC Heap History (14 events):
Event: 3.590 GC heap before
{Heap before GC invocations=0 (full 0):
 garbage-first heap   total reserved 1558528K, committed 98304K, used 23552K [0x00000000a0e00000, 0x0000000100000000)
  region size 1024K, 24 young (24576K), 0 survivors (0K)
 Metaspace       used 5878K, committed 6016K, reserved 1114112K
  class space    used 723K, committed 768K, reserved 1048576K
}
Event: 3.610 GC heap after
{Heap after GC invocations=1 (full 0):
 garbage-first heap   total reserved 1558528K, committed 98304K, used 3840K [0x00000000a0e00000, 0x0000000100000000)
  region size 1024K, 3 young (3072K), 3 survivors (3072K)
 Metaspace       used 5878K, committed 6016K, reserved 1114112K
  class space    used 723K, committed 768K, reserved 1048576K
}
Event: 5.413 GC heap before
{Heap before GC invocations=1 (full 0):
 garbage-first heap   total reserved 1558528K, committed 98304K, used 26368K [0x00000000a0e00000, 0x0000000100000000)
  region size 1024K, 25 young (25600K), 3 survivors (3072K)
 Metaspace       used 8333K, committed 8512K, reserved 1114112K
  class space    used 1026K, committed 1152K, reserved 1048576K
}
Event: 5.428 GC heap after
{Heap after GC invocations=2 (full 0):
 garbage-first heap   total reserved 1558528K, committed 98304K, used 4792K [0x00000000a0e00000, 0x0000000100000000)
  region size 1024K, 1 young (1024K), 1 survivors (1024K)
 Metaspace       used 8333K, committed 8512K, reserved 1114112K
  class space    used 1026K, committed 1152K, reserved 1048576K
}
Event: 12.063 GC heap before
{Heap before GC invocations=2 (full 0):
 garbage-first heap   total reserved 1558528K, committed 98304K, used 52920K [0x00000000a0e00000, 0x0000000100000000)
  region size 1024K, 49 young (50176K), 1 survivors (1024K)
 Metaspace       used 15165K, committed 15424K, reserved 1114112K
  class space    used 1860K, committed 1984K, reserved 1048576K
}
Event: 12.091 GC heap after
{Heap after GC invocations=3 (full 0):
 garbage-first heap   total reserved 1558528K, committed 98304K, used 10936K [0x00000000a0e00000, 0x0000000100000000)
  region size 1024K, 7 young (7168K), 7 survivors (7168K)
 Metaspace       used 15165K, committed 15424K, reserved 1114112K
  class space    used 1860K, committed 1984K, reserved 1048576K
}
Event: 16.006 GC heap before
{Heap before GC invocations=3 (full 0):
 garbage-first heap   total reserved 1558528K, committed 98304K, used 55992K [0x00000000a0e00000, 0x0000000100000000)
  region size 1024K, 51 young (52224K), 7 survivors (7168K)
 Metaspace       used 16058K, committed 16320K, reserved 1114112K
  class space    used 1931K, committed 2048K, reserved 1048576K
}
Event: 16.034 GC heap after
{Heap after GC invocations=4 (full 0):
 garbage-first heap   total reserved 1558528K, committed 98304K, used 14758K [0x00000000a0e00000, 0x0000000100000000)
  region size 1024K, 4 young (4096K), 4 survivors (4096K)
 Metaspace       used 16058K, committed 16320K, reserved 1114112K
  class space    used 1931K, committed 2048K, reserved 1048576K
}
Event: 18.682 GC heap before
{Heap before GC invocations=4 (full 0):
 garbage-first heap   total reserved 1558528K, committed 98304K, used 62886K [0x00000000a0e00000, 0x0000000100000000)
  region size 1024K, 51 young (52224K), 4 survivors (4096K)
 Metaspace       used 16428K, committed 16704K, reserved 1114112K
  class space    used 1936K, committed 2048K, reserved 1048576K
}
Event: 18.696 GC heap after
{Heap after GC invocations=5 (full 0):
 garbage-first heap   total reserved 1558528K, committed 98304K, used 16695K [0x00000000a0e00000, 0x0000000100000000)
  region size 1024K, 6 young (6144K), 6 survivors (6144K)
 Metaspace       used 16428K, committed 16704K, reserved 1114112K
  class space    used 1936K, committed 2048K, reserved 1048576K
}
Event: 27.461 GC heap before
{Heap before GC invocations=5 (full 0):
 garbage-first heap   total reserved 1558528K, committed 98304K, used 87351K [0x00000000a0e00000, 0x0000000100000000)
  region size 1024K, 44 young (45056K), 6 survivors (6144K)
 Metaspace       used 20149K, committed 20416K, reserved 1114112K
  class space    used 2358K, committed 2496K, reserved 1048576K
}
Event: 27.483 GC heap after
{Heap after GC invocations=6 (full 0):
 garbage-first heap   total reserved 1558528K, committed 98304K, used 18167K [0x00000000a0e00000, 0x0000000100000000)
  region size 1024K, 5 young (5120K), 5 survivors (5120K)
 Metaspace       used 20149K, committed 20416K, reserved 1114112K
  class space    used 2358K, committed 2496K, reserved 1048576K
}
Event: 30.876 GC heap before
{Heap before GC invocations=6 (full 0):
 garbage-first heap   total reserved 1558528K, committed 98304K, used 39671K [0x00000000a0e00000, 0x0000000100000000)
  region size 1024K, 22 young (22528K), 5 survivors (5120K)
 Metaspace       used 21226K, committed 21504K, reserved 1114112K
  class space    used 2525K, committed 2688K, reserved 1048576K
}
Event: 30.893 GC heap after
{Heap after GC invocations=7 (full 0):
 garbage-first heap   total reserved 1558528K, committed 98304K, used 26342K [0x00000000a0e00000, 0x0000000100000000)
  region size 1024K, 7 young (7168K), 7 survivors (7168K)
 Metaspace       used 21226K, committed 21504K, reserved 1114112K
  class space    used 2525K, committed 2688K, reserved 1048576K
}

Dll operation events (8 events):
Event: 0.030 Loaded shared library C:\Program Files\Java\jdk-23\bin\java.dll
Event: 0.155 Loaded shared library C:\Program Files\Java\jdk-23\bin\jsvml.dll
Event: 0.199 Loaded shared library C:\Program Files\Java\jdk-23\bin\net.dll
Event: 0.204 Loaded shared library C:\Program Files\Java\jdk-23\bin\nio.dll
Event: 0.214 Loaded shared library C:\Program Files\Java\jdk-23\bin\zip.dll
Event: 0.754 Loaded shared library C:\Program Files\apache-maven-3.9.11\lib\jansi-native\Windows\x86_64\jansi.dll
Event: 0.788 Loaded shared library C:\Program Files\Java\jdk-23\bin\jimage.dll
Event: 0.795 Loaded shared library C:\Program Files\Java\jdk-23\bin\verify.dll

Deoptimization events (20 events):
Event: 34.723 Thread 0x000002129e1ff940 Uncommon trap: trap_request=0xffffff45 fr.pc=0x00000212ae67a2e4 relative=0x00000000000011e4
Event: 34.723 Thread 0x000002129e1ff940 Uncommon trap: reason=unstable_if action=reinterpret pc=0x00000212ae67a2e4 method=java.time.LocalDate.create(III)Ljava/time/LocalDate; @ 7 c2
Event: 34.723 Thread 0x000002129e1ff940 DEOPT PACKING pc=0x00000212ae67a2e4 sp=0x000000a3b18fce30
Event: 34.723 Thread 0x000002129e1ff940 DEOPT UNPACKING pc=0x00000212adeb4402 sp=0x000000a3b18fcc68 mode 2
Event: 35.200 Thread 0x000002129e1ff940 DEOPT PACKING pc=0x00000212a7412d06 sp=0x000000a3b18fcd20
Event: 35.200 Thread 0x000002129e1ff940 DEOPT UNPACKING pc=0x00000212adeb4b22 sp=0x000000a3b18fc1b0 mode 0
Event: 35.249 Thread 0x000002129e1ff940 DEOPT PACKING pc=0x00000212a7412d06 sp=0x000000a3b18fcc80
Event: 35.249 Thread 0x000002129e1ff940 DEOPT UNPACKING pc=0x00000212adeb4b22 sp=0x000000a3b18fc110 mode 0
Event: 35.377 Thread 0x000002129e1ff940 DEOPT PACKING pc=0x00000212a7412d06 sp=0x000000a3b18fcc80
Event: 35.377 Thread 0x000002129e1ff940 DEOPT UNPACKING pc=0x00000212adeb4b22 sp=0x000000a3b18fc110 mode 0
Event: 35.377 Thread 0x000002129e1ff940 DEOPT PACKING pc=0x00000212a7412d06 sp=0x000000a3b18fcc80
Event: 35.377 Thread 0x000002129e1ff940 DEOPT UNPACKING pc=0x00000212adeb4b22 sp=0x000000a3b18fc110 mode 0
Event: 35.387 Thread 0x000002129e1ff940 DEOPT PACKING pc=0x00000212a7412d06 sp=0x000000a3b18fcc80
Event: 35.387 Thread 0x000002129e1ff940 DEOPT UNPACKING pc=0x00000212adeb4b22 sp=0x000000a3b18fc110 mode 0
Event: 35.430 Thread 0x000002129e1ff940 DEOPT PACKING pc=0x00000212a7412d06 sp=0x000000a3b18fcc80
Event: 35.430 Thread 0x000002129e1ff940 DEOPT UNPACKING pc=0x00000212adeb4b22 sp=0x000000a3b18fc110 mode 0
Event: 35.431 Thread 0x000002129e1ff940 DEOPT PACKING pc=0x00000212a7412d06 sp=0x000000a3b18fcc80
Event: 35.431 Thread 0x000002129e1ff940 DEOPT UNPACKING pc=0x00000212adeb4b22 sp=0x000000a3b18fc110 mode 0
Event: 35.539 Thread 0x000002129e1ff940 DEOPT PACKING pc=0x00000212a7412d06 sp=0x000000a3b18fcc80
Event: 35.539 Thread 0x000002129e1ff940 DEOPT UNPACKING pc=0x00000212adeb4b22 sp=0x000000a3b18fc110 mode 0

Classes loaded (20 events):
Event: 31.701 Loading class java/util/ImmutableCollections$Access$1
Event: 31.702 Loading class jdk/internal/access/JavaUtilCollectionAccess
Event: 31.703 Loading class jdk/internal/access/JavaUtilCollectionAccess done
Event: 31.703 Loading class java/util/ImmutableCollections$Access$1 done
Event: 32.636 Loading class java/lang/StringLatin1$LinesSpliterator
Event: 32.637 Loading class java/lang/StringLatin1$LinesSpliterator done
Event: 33.072 Loading class java/util/regex/Pattern$Bound
Event: 33.073 Loading class java/util/regex/Pattern$Bound done
Event: 33.567 Loading class java/util/RegularEnumSet$EnumSetIterator
Event: 33.567 Loading class java/util/RegularEnumSet$EnumSetIterator done
Event: 33.572 Loading class java/nio/file/FileVisitor
Event: 33.572 Loading class java/nio/file/FileVisitor done
Event: 33.579 Loading class sun/nio/fs/WindowsFileStore
Event: 33.580 Loading class sun/nio/fs/WindowsFileStore done
Event: 33.586 Loading class java/nio/file/SimpleFileVisitor
Event: 33.587 Loading class java/nio/file/SimpleFileVisitor done
Event: 33.587 Loading class java/nio/file/Files$3
Event: 33.588 Loading class java/nio/file/Files$3 done
Event: 33.588 Loading class java/nio/file/FileVisitResult
Event: 33.588 Loading class java/nio/file/FileVisitResult done

Classes unloaded (0 events):
No events

Classes redefined (0 events):
No events

Internal exceptions (20 events):
Event: 24.868 Thread 0x000002129e1ff940 Exception <a 'java/lang/NoSuchMethodError'{0x00000000a4d87390}: 'void java.lang.invoke.DirectMethodHandle$Holder.invokeInterface(java.lang.Object, java.lang.Object, java.lang.Object)'> (0x00000000a4d87390) 
thrown [s\open\src\hotspot\share\interpreter\linkResolver.cpp, line 796]
Event: 26.567 Thread 0x000002129e1ff940 Exception <a 'java/lang/NoSuchMethodError'{0x00000000a4ae3d30}: 'int java.lang.invoke.DirectMethodHandle$Holder.invokeInterface(java.lang.Object, java.lang.Object)'> (0x00000000a4ae3d30) 
thrown [s\open\src\hotspot\share\interpreter\linkResolver.cpp, line 796]
Event: 30.372 Thread 0x000002129e1ff940 Exception <a 'java/lang/NoSuchMethodError'{0x00000000a66490d0}: 'int java.lang.invoke.DirectMethodHandle$Holder.invokeVirtual(java.lang.Object, java.lang.Object, java.lang.Object)'> (0x00000000a66490d0) 
thrown [s\open\src\hotspot\share\interpreter\linkResolver.cpp, line 796]
Event: 30.381 Thread 0x000002129e1ff940 Exception <a 'java/lang/NoSuchMethodError'{0x00000000a6655ff8}: 'int java.lang.invoke.DirectMethodHandle$Holder.invokeStaticInit(java.lang.Object, java.lang.Object, java.lang.Object)'> (0x00000000a6655ff8) 
thrown [s\open\src\hotspot\share\interpreter\linkResolver.cpp, line 796]
Event: 30.830 Thread 0x000002129e1ff940 Exception <a 'sun/nio/fs/WindowsException'{0x00000000a5da9128}> (0x00000000a5da9128) 
thrown [s\open\src\hotspot\share\prims\jni.cpp, line 520]
Event: 31.361 Thread 0x000002129e1ff940 Exception <a 'java/lang/NoSuchMethodError'{0x00000000a66577c8}: 'java.lang.Object java.lang.invoke.DirectMethodHandle$Holder.newInvokeSpecial(java.lang.Object, java.lang.Object, java.lang.Object, java.lang.Object, java.lang.Object, java.lang.Object)'> (0x00000000a66577c8) 
thrown [s\open\src\hotspot\share\interpreter\linkResolver.cpp, line 796]
Event: 31.375 Thread 0x000002129e1ff940 Exception <a 'java/lang/NoSuchMethodError'{0x00000000a66685c8}: 'java.lang.Object java.lang.invoke.DirectMethodHandle$Holder.invokeStaticInit(java.lang.Object, java.lang.Object, java.lang.Object, java.lang.Object, java.lang.Object, java.lang.Object, java.lang.Object)'> (0x00000000a66685c8) 
thrown [s\open\src\hotspot\share\interpreter\linkResolver.cpp, line 796]
Event: 31.397 Thread 0x000002129e1ff940 Exception <a 'java/lang/NoSuchMethodError'{0x00000000a6671ba0}: 'int java.lang.invoke.DirectMethodHandle$Holder.invokeStaticInit(java.lang.Object, int, int)'> (0x00000000a6671ba0) 
thrown [s\open\src\hotspot\share\interpreter\linkResolver.cpp, line 796]
Event: 31.399 Thread 0x000002129e1ff940 Exception <a 'java/lang/NoSuchMethodError'{0x00000000a66793a0}: 'int java.lang.invoke.DirectMethodHandle$Holder.invokeStaticInit(java.lang.Object, long, long)'> (0x00000000a66793a0) 
thrown [s\open\src\hotspot\share\interpreter\linkResolver.cpp, line 796]
Event: 31.406 Thread 0x000002129e1ff940 Exception <a 'java/lang/NoSuchMethodError'{0x00000000a668f100}: 'int java.lang.invoke.DirectMethodHandle$Holder.invokeStaticInit(java.lang.Object, float, float)'> (0x00000000a668f100) 
thrown [s\open\src\hotspot\share\interpreter\linkResolver.cpp, line 796]
Event: 31.408 Thread 0x000002129e1ff940 Exception <a 'java/lang/NoSuchMethodError'{0x00000000a6695df0}: 'int java.lang.invoke.DirectMethodHandle$Holder.invokeStaticInit(java.lang.Object, double, double)'> (0x00000000a6695df0) 
thrown [s\open\src\hotspot\share\interpreter\linkResolver.cpp, line 796]
Event: 31.409 Thread 0x000002129e1ff940 Exception <a 'java/lang/NoSuchMethodError'{0x00000000a669a578}: 'int java.lang.invoke.DirectMethodHandle$Holder.invokeStatic(java.lang.Object, long)'> (0x00000000a669a578) 
thrown [s\open\src\hotspot\share\interpreter\linkResolver.cpp, line 796]
Event: 31.417 Thread 0x000002129e1ff940 Exception <a 'java/lang/NoSuchMethodError'{0x00000000a66b8ce0}: 'int java.lang.invoke.Invokers$Holder.linkToTargetMethod(java.lang.Object, java.lang.Object)'> (0x00000000a66b8ce0) 
thrown [s\open\src\hotspot\share\interpreter\linkResolver.cpp, line 796]
Event: 31.521 Thread 0x000002129e1ff940 Exception <a 'sun/nio/fs/WindowsException'{0x00000000a6505320}> (0x00000000a6505320) 
thrown [s\open\src\hotspot\share\prims\jni.cpp, line 520]
Event: 32.638 Thread 0x000002129e1ff940 Exception <a 'java/lang/NoSuchMethodError'{0x00000000a5e8ab78}: 'java.lang.Object java.lang.invoke.DirectMethodHandle$Holder.invokeStatic(java.lang.Object, int, java.lang.Object)'> (0x00000000a5e8ab78) 
thrown [s\open\src\hotspot\share\interpreter\linkResolver.cpp, line 796]
Event: 33.070 Thread 0x000002129e1ff940 Exception <a 'sun/nio/fs/WindowsException'{0x00000000a5011bb8}> (0x00000000a5011bb8) 
thrown [s\open\src\hotspot\share\prims\jni.cpp, line 520]
Event: 33.071 Thread 0x000002129e1ff940 Exception <a 'sun/nio/fs/WindowsException'{0x00000000a5012708}> (0x00000000a5012708) 
thrown [s\open\src\hotspot\share\prims\jni.cpp, line 520]
Event: 33.072 Thread 0x000002129e1ff940 Exception <a 'sun/nio/fs/WindowsException'{0x00000000a5013318}> (0x00000000a5013318) 
thrown [s\open\src\hotspot\share\prims\jni.cpp, line 520]
Event: 33.319 Thread 0x000002129e1ff940 Exception <a 'java/lang/NoSuchMethodError'{0x00000000a5064b28}: 'java.lang.Object java.lang.invoke.DirectMethodHandle$Holder.invokeSpecial(java.lang.Object, java.lang.Object, java.lang.Object, int, int)'> (0x00000000a5064b28) 
thrown [s\open\src\hotspot\share\interpreter\linkResolver.cpp, line 796]
Event: 33.320 Thread 0x000002129e1ff940 Exception <a 'java/lang/NoSuchMethodError'{0x00000000a506b108}: 'java.lang.Object java.lang.invoke.DirectMethodHandle$Holder.invokeVirtual(java.lang.Object, java.lang.Object, int)'> (0x00000000a506b108) 
thrown [s\open\src\hotspot\share\interpreter\linkResolver.cpp, line 796]

VM Operations (20 events):
Event: 27.461 Executing VM operation: G1TryInitiateConcMark (G1 Humongous Allocation)
Event: 27.486 Executing VM operation: G1TryInitiateConcMark (G1 Humongous Allocation) done
Event: 30.401 Executing VM operation: HandshakeAllThreads (Deoptimize)
Event: 30.401 Executing VM operation: HandshakeAllThreads (Deoptimize) done
Event: 30.414 Executing VM operation: HandshakeAllThreads (Deoptimize)
Event: 30.414 Executing VM operation: HandshakeAllThreads (Deoptimize) done
Event: 30.430 Executing VM operation: HandshakeAllThreads (Deoptimize)
Event: 30.430 Executing VM operation: HandshakeAllThreads (Deoptimize) done
Event: 30.455 Executing VM operation: HandshakeAllThreads (Deoptimize)
Event: 30.455 Executing VM operation: HandshakeAllThreads (Deoptimize) done
Event: 30.876 Executing VM operation: CollectForMetadataAllocation (Metadata GC Threshold)
Event: 30.893 Executing VM operation: CollectForMetadataAllocation (Metadata GC Threshold) done
Event: 30.928 Executing VM operation: CollectForMetadataAllocation (Metadata GC Threshold)
Event: 30.928 Executing VM operation: CollectForMetadataAllocation (Metadata GC Threshold) done
Event: 30.937 Executing VM operation: G1PauseRemark
Event: 30.950 Executing VM operation: G1PauseRemark done
Event: 30.957 Executing VM operation: G1PauseCleanup
Event: 30.965 Executing VM operation: G1PauseCleanup done
Event: 31.836 Executing VM operation: HandshakeAllThreads (Deoptimize)
Event: 31.836 Executing VM operation: HandshakeAllThreads (Deoptimize) done

Memory protections (0 events):
No events

Nmethod flushes (0 events):
No events

Events (13 events):
Event: 0.081 Thread 0x000002129e1ff940 Thread added: 0x000002129e1ff940
Event: 0.126 Thread 0x000002129e1ff940 Thread added: 0x00000212ba44f340
Event: 0.126 Thread 0x000002129e1ff940 Thread added: 0x00000212ba451f60
Event: 0.128 Thread 0x000002129e1ff940 Thread added: 0x00000212ba455190
Event: 0.128 Thread 0x000002129e1ff940 Thread added: 0x00000212ba455bf0
Event: 0.128 Thread 0x000002129e1ff940 Thread added: 0x00000212ba456a60
Event: 0.128 Thread 0x000002129e1ff940 Thread added: 0x00000212ba4574c0
Event: 0.128 Thread 0x000002129e1ff940 Thread added: 0x00000212ba458250
Event: 0.131 Thread 0x000002129e1ff940 Thread added: 0x00000212ba45b240
Event: 0.185 Thread 0x000002129e1ff940 Thread added: 0x00000212ba5b8830
Event: 0.193 Thread 0x000002129e1ff940 Thread added: 0x00000212ba5c3af0
Event: 0.735 Thread 0x000002129e1ff940 Thread added: 0x00000212ba8c7ad0
Event: 0.818 Thread 0x00000212ba8c7ad0 Thread exited: 0x00000212ba8c7ad0


Dynamic libraries:
0x00007ff6c8ff0000 - 0x00007ff6c9000000 	C:\Program Files\Java\jdk-23\bin\java.exe
0x00007ffa9f7a0000 - 0x00007ffa9fa03000 	C:\WINDOWS\SYSTEM32\ntdll.dll
0x00007ffa9e6a0000 - 0x00007ffa9e767000 	C:\WINDOWS\System32\KERNEL32.DLL
0x00007ffa9ce40000 - 0x00007ffa9d1f0000 	C:\WINDOWS\System32\KERNELBASE.dll
0x00007ffa9d200000 - 0x00007ffa9d34b000 	C:\WINDOWS\System32\ucrtbase.dll
0x00007ffa947e0000 - 0x00007ffa947f7000 	C:\Program Files\Java\jdk-23\bin\jli.dll
0x00007ffa94800000 - 0x00007ffa9481b000 	C:\Program Files\Java\jdk-23\bin\VCRUNTIME140.dll
0x00007ffa9e470000 - 0x00007ffa9e633000 	C:\WINDOWS\System32\USER32.dll
0x00007ffa9d410000 - 0x00007ffa9d437000 	C:\WINDOWS\System32\win32u.dll
0x00007ffa9d9e0000 - 0x00007ffa9da0a000 	C:\WINDOWS\System32\GDI32.dll
0x00007ffa87900000 - 0x00007ffa87b90000 	C:\WINDOWS\WinSxS\amd64_microsoft.windows.common-controls_6595b64144ccf1df_6.0.26100.1882_none_3e0e949ae32eca40\COMCTL32.dll
0x00007ffa9e1f0000 - 0x00007ffa9e299000 	C:\WINDOWS\System32\msvcrt.dll
0x00007ffa9d440000 - 0x00007ffa9d563000 	C:\WINDOWS\System32\gdi32full.dll
0x00007ffa9d570000 - 0x00007ffa9d613000 	C:\WINDOWS\System32\msvcp_win.dll
0x00007ffa9f500000 - 0x00007ffa9f52f000 	C:\WINDOWS\System32\IMM32.DLL
0x00007ffa983a0000 - 0x00007ffa983ac000 	C:\Program Files\Java\jdk-23\bin\vcruntime140_1.dll
0x00007ffa714a0000 - 0x00007ffa7152e000 	C:\Program Files\Java\jdk-23\bin\msvcp140.dll
0x00007ff9f4070000 - 0x00007ff9f4dbf000 	C:\Program Files\Java\jdk-23\bin\server\jvm.dll
0x00007ffa9f6a0000 - 0x00007ffa9f754000 	C:\WINDOWS\System32\ADVAPI32.dll
0x00007ffa9d630000 - 0x00007ffa9d6d6000 	C:\WINDOWS\System32\sechost.dll
0x00007ffa9d890000 - 0x00007ffa9d9a6000 	C:\WINDOWS\System32\RPCRT4.dll
0x00007ffa9ebd0000 - 0x00007ffa9ec44000 	C:\WINDOWS\System32\WS2_32.dll
0x00007ffa9c450000 - 0x00007ffa9c49e000 	C:\WINDOWS\SYSTEM32\POWRPROF.dll
0x00007ffa936d0000 - 0x00007ffa93706000 	C:\WINDOWS\SYSTEM32\WINMM.dll
0x00007ffa945d0000 - 0x00007ffa945db000 	C:\WINDOWS\SYSTEM32\VERSION.dll
0x00007ffa9c3a0000 - 0x00007ffa9c3b4000 	C:\WINDOWS\SYSTEM32\UMPDC.dll
0x00007ffa9ba00000 - 0x00007ffa9ba1a000 	C:\WINDOWS\SYSTEM32\kernel.appcore.dll
0x00007ffa971f0000 - 0x00007ffa971fa000 	C:\Program Files\Java\jdk-23\bin\jimage.dll
0x00007ffa9a6d0000 - 0x00007ffa9a911000 	C:\WINDOWS\SYSTEM32\DBGHELP.DLL
0x00007ffa9e770000 - 0x00007ffa9eaec000 	C:\WINDOWS\System32\combase.dll
0x00007ffa9eaf0000 - 0x00007ffa9ebc6000 	C:\WINDOWS\System32\OLEAUT32.dll
0x00007ffa85400000 - 0x00007ffa85439000 	C:\WINDOWS\SYSTEM32\dbgcore.DLL
0x00007ffa9cd20000 - 0x00007ffa9cdb9000 	C:\WINDOWS\System32\bcryptPrimitives.dll
0x00007ffa8fdb0000 - 0x00007ffa8fdce000 	C:\Program Files\Java\jdk-23\bin\java.dll
0x00007ffa9d6f0000 - 0x00007ffa9d889000 	C:\WINDOWS\System32\ole32.dll
0x00007ffa9ee00000 - 0x00007ffa9f4f8000 	C:\WINDOWS\System32\SHELL32.dll
0x00007ffa9a930000 - 0x00007ffa9b15a000 	C:\WINDOWS\SYSTEM32\windows.storage.dll
0x00007ffa9ed20000 - 0x00007ffa9edf3000 	C:\WINDOWS\System32\SHCORE.dll
0x00007ffa9db20000 - 0x00007ffa9db7d000 	C:\WINDOWS\System32\shlwapi.dll
0x00007ffa9cac0000 - 0x00007ffa9cae9000 	C:\WINDOWS\SYSTEM32\profapi.dll
0x00007ffa63780000 - 0x00007ffa63857000 	C:\Program Files\Java\jdk-23\bin\jsvml.dll
0x00007ffa8fce0000 - 0x00007ffa8fcf0000 	C:\Program Files\Java\jdk-23\bin\net.dll
0x00007ffa9bf00000 - 0x00007ffa9bf68000 	C:\WINDOWS\system32\mswsock.dll
0x00007ffa8ef90000 - 0x00007ffa8efa6000 	C:\Program Files\Java\jdk-23\bin\nio.dll
0x00007ffa8ebc0000 - 0x00007ffa8ebd7000 	C:\Program Files\Java\jdk-23\bin\zip.dll
0x00007ffa73990000 - 0x00007ffa739b4000 	C:\Program Files\apache-maven-3.9.11\lib\jansi-native\Windows\x86_64\jansi.dll
0x00007ffa7f560000 - 0x00007ffa7f570000 	C:\Program Files\Java\jdk-23\bin\verify.dll

dbghelp: loaded successfully - version: 4.0.5 - missing functions: none
symbol engine: initialized successfully - sym options: 0x614 - pdb path: .;C:\Program Files\Java\jdk-23\bin;C:\WINDOWS\SYSTEM32;C:\WINDOWS\WinSxS\amd64_microsoft.windows.common-controls_6595b64144ccf1df_6.0.26100.1882_none_3e0e949ae32eca40;C:\Program Files\Java\jdk-23\bin\server;C:\Program Files\apache-maven-3.9.11\lib\jansi-native\Windows\x86_64

VM Arguments:
jvm_args: --enable-native-access=ALL-UNNAMED -Dclassworlds.conf=C:\Program Files\apache-maven-3.9.11\bin\m2.conf -Dmaven.home=C:\Program Files\apache-maven-3.9.11 -Dlibrary.jansi.path=C:\Program Files\apache-maven-3.9.11\lib\jansi-native -Dmaven.multiModuleProjectDirectory=C:\Users\ACER\Desktop\task-manager\backend\taskmanager 
java_command: org.codehaus.plexus.classworlds.launcher.Launcher -q compile -DskipTests
java_class_path (initial): C:\Program Files\apache-maven-3.9.11\boot\plexus-classworlds-2.9.0.jar
Launcher Type: SUN_STANDARD

[Global flags]
     intx CICompilerCount                          = 4                                         {product} {ergonomic}
     uint ConcGCThreads                            = 2                                         {product} {ergonomic}
     uint G1ConcRefinementThreads                  = 8                                         {product} {ergonomic}
   size_t G1HeapRegionSize                         = 1048576                                   {product} {ergonomic}
   size_t InitialHeapSize                          = 100663296                                 {product} {ergonomic}
   size_t MarkStackSize                            = 4194304                                   {product} {ergonomic}
   size_t MarkStackSizeMax                         = 536870912                                 {product} {ergonomic}
   size_t MaxHeapSize                              = 1595932672                                {product} {ergonomic}
   size_t MaxNewSize                               = 957349888                                 {product} {ergonomic}
   size_t MinHeapDeltaBytes                        = 1048576                                   {product} {ergonomic}
   size_t MinHeapSize                              = 8388608                                   {product} {ergonomic}
    uintx NonNMethodCodeHeapSize                   = 5832704                                {pd product} {ergonomic}
    uintx NonProfiledCodeHeapSize                  = 122945536                              {pd product} {ergonomic}
    uintx ProfiledCodeHeapSize                     = 122880000                              {pd product} {ergonomic}
    uintx ReservedCodeCacheSize                    = 251658240                              {pd product} {ergonomic}
     bool SegmentedCodeCache                       = true                                      {product} {ergonomic}
   size_t SoftMaxHeapSize                          = 1595932672                             {manageable} {ergonomic}
     bool UseCompressedOops                        = true                           {product lp64_product} {ergonomic}
     bool UseG1GC                                  = true                                      {product} {ergonomic}
     bool UseLargePagesIndividualAllocation        = false                                  {pd product} {ergonomic}

Logging:
Log output configuration:
 #0: stdout all=warning uptime,level,tags foldmultilines=false
 #1: stderr all=off uptime,level,tags foldmultilines=false

Environment Variables:
JAVA_HOME=C:\Program Files\Java\jdk-23
PATH=c:\Users\ACER\AppData\Local\Programs\cursor\resources\app\resources\helpers;C:\Program Files (x86)\VMware\VMware Workstation\bin\;C:\Program Files\Common Files\Oracle\Java\javapath;C:\Program Files (x86)\Common Files\Oracle\Java\java8path;C:\Program Files (x86)\Common Files\Oracle\Java\javapath;C:\Windows\system32;C:\Windows;C:\Windows\System32\Wbem;C:\Windows\System32\WindowsPowerShell\v1.0\;C:\Windows\System32\OpenSSH\;C:\Program Files (x86)\NVIDIA Corporation\PhysX\Common;C:\Program Files\NVIDIA Corporation\NVIDIA NvDLISR;c:\Program Files (x86)\Microsoft SQL Server\100\Tools\Binn\;c:\Program Files (x86)\Microsoft SQL Server\100\DTS\Binn\;C:\Program Files\Common Files\Autodesk Shared\;C:\Program Files\Microsoft SQL Server\120\Tools\Binn\;C:\Program Files (x86)\Microsoft SQL Server\160\Tools\Binn\;C:\Program Files\Microsoft SQL Server\160\Tools\Binn\;C:\Program Files\Microsoft SQL Server\Client SDK\ODBC\170\Tools\Binn\;C:\Program Files\Microsoft SQL Server\160\DTS\Binn\;C:\Program Files (x86)\Microsoft SQL Server\160\DTS\Binn\;C:\Program Files\Java\jdk-23\bin;C:\Program Files\Git\cmd;C:\WINDOWS\system32;C:\WINDOWS;C:\WINDOWS\System32\Wbem;C:\WINDOWS\System32\WindowsPowerShell\v1.0\;C:\WINDOWS\System32\OpenSSH\;C:\Program Files\Microsoft SQL Server\150\Tools\Binn\;C:\Program Files\dotnet\;C:\Program Files\Java\jdk-23\bin;C:\Program Files\apache-maven-3.9.11\bin;C:\Program Files\Docker\Docker\resources\bin;C:\Users\ACER\Desktop\fie cho kě nŕy\sonar-scanner-cli-8.0.1.6346-windows-x64;C:\Users\ACER\Desktop\fie cho kě nŕy\sonar-scanner-cli-8.0.1.6346-windows-x64\sonar-scanner-8.0.1.6346-windows-x64\bin;C:\Program Files\nodejs\;C:\Program Files\MySQL\MySQL Shell 8.0\bin\;C:\Users\ACER\AppData\Local\Programs\Python\Launcher\;C:\Users\ACER\AppData\Local\Microsoft\WindowsApps;C:\Users\ACER\AppData\Local\Programs\Microsoft VS Code\bin;C:\Users\ACER\.dotnet\tools;C:\Users\ACER\AppData\Local\Programs\cursor\resources\app\bin;C:\Users\ACER\AppData\Roaming\npm
USERNAME=ACER
TERM=dumb
OS=Windows_NT
PROCESSOR_IDENTIFIER=AMD64 Family 23 Model 24 Stepping 1, AuthenticAMD
TMP=C:\Users\ACER\AppData\Local\Temp
TEMP=C:\Users\ACER\AppData\Local\Temp




Periodic native trim disabled

---------------  S Y S T E M  ---------------

OS:
 Windows 11 , 64 bit Build 26100 (10.0.26100.1882)
OS uptime: 23 days 1:03 hours
Hyper-V role detected

CPU: total 8 (initial active 8) (8 cores per cpu, 2 threads per core) family 23 model 24 stepping 1 microcode 0x8108109, cx8, cmov, fxsr, ht, mmx, 3dnowpref, sse, sse2, sse3, ssse3, sse4a, sse4.1, sse4.2, popcnt, lzcnt, tsc, tscinvbit, avx, avx2, aes, clmul, bmi1, bmi2, adx, sha, fma, vzeroupper, clflush, clflushopt, hv, rdtscp, f16c
Processor Information for the first 8 processors :
  Max Mhz: 2300, Current Mhz: 2300, Mhz Limit: 2300

Memory: 4k page, system-wide physical 6082M (41M free)
TotalPageFile size 24514M (AvailPageFile size 19M)
current process WorkingSet (physical memory assigned to process): 149M, peak: 192M
current process commit charge ("private bytes"): 249M, peak: 250M

vm_info: Java HotSpot(TM) 64-Bit Server VM (23.0.1+11-39) for windows-amd64 JRE (23.0.1+11-39), built on 2024-09-30T07:20:43Z with MS VC++ 17.6 (VS2022)

END.
